This file contains any messages produced by compilers while
running configure, to aid debugging if configure makes a mistake.

It was created by configure, which was
generated by GNU Autoconf 2.69.  Invocation command line was

  $ ./configure 

## --------- ##
## Platform. ##
## --------- ##

hostname = pedro-Notebook
uname -m = x86_64
uname -r = 4.15.0-137-generic
uname -s = Linux
uname -v = #141-Ubuntu SMP Fri Feb 19 13:46:27 UTC 2021

/usr/bin/uname -p = unknown
/bin/uname -X     = unknown

/bin/arch              = unknown
/usr/bin/arch -k       = unknown
/usr/convex/getsysinfo = unknown
/usr/bin/hostinfo      = unknown
/bin/machine           = unknown
/usr/bin/oslevel       = unknown
/bin/universe          = unknown

PATH: /home/pedro/.cargo/bin
PATH: /home/pedro/.local/bin
PATH: /usr/local/sbin
PATH: /usr/local/bin
PATH: /usr/sbin
PATH: /usr/bin
PATH: /sbin
PATH: /bin
PATH: /usr/games
PATH: /usr/local/games
PATH: /snap/bin
PATH: /home/pedro/.dotnet/tools


## ----------- ##
## Core tests. ##
## ----------- ##

configure:1882: checking for gcc
configure:1898: found /usr/bin/gcc
configure:1909: result: gcc
configure:2138: checking for C compiler version
configure:2147: gcc --version >&5
gcc (Ubuntu 7.5.0-3ubuntu1~18.04) 7.5.0
Copyright (C) 2017 Free Software Foundation, Inc.
This is free software; see the source for copying conditions.  There is NO
warranty; not even for MERCHANTABILITY or FITNESS FOR A PARTICULAR PURPOSE.

configure:2158: $? = 0
configure:2147: gcc -v >&5
Using built-in specs.
COLLECT_GCC=gcc
COLLECT_LTO_WRAPPER=/usr/lib/gcc/x86_64-linux-gnu/7/lto-wrapper
OFFLOAD_TARGET_NAMES=nvptx-none
OFFLOAD_TARGET_DEFAULT=1
Target: x86_64-linux-gnu
Configured with: ../src/configure -v --with-pkgversion='Ubuntu 7.5.0-3ubuntu1~18.04' --with-bugurl=file:///usr/share/doc/gcc-7/README.Bugs --enable-languages=c,ada,c++,go,brig,d,fortran,objc,obj-c++ --prefix=/usr --with-gcc-major-version-only --program-suffix=-7 --program-prefix=x86_64-linux-gnu- --enable-shared --enable-linker-build-id --libexecdir=/usr/lib --without-included-gettext --enable-threads=posix --libdir=/usr/lib --enable-nls --enable-bootstrap --enable-clocale=gnu --enable-libstdcxx-debug --enable-libstdcxx-time=yes --with-default-libstdcxx-abi=new --enable-gnu-unique-object --disable-vtable-verify --enable-libmpx --enable-plugin --enable-default-pie --with-system-zlib --with-target-system-zlib --enable-objc-gc=auto --enable-multiarch --disable-werror --with-arch-32=i686 --with-abi=m64 --with-multilib-list=m32,m64,mx32 --enable-multilib --with-tune=generic --enable-offload-targets=nvptx-none --without-cuda-driver --enable-checking=release --build=x86_64-linux-gnu --host=x86_64-linux-gnu --target=x86_64-linux-gnu
Thread model: posix
gcc version 7.5.0 (Ubuntu 7.5.0-3ubuntu1~18.04) 
configure:2158: $? = 0
configure:2147: gcc -V >&5
gcc: error: unrecognized command line option '-V'
gcc: fatal error: no input files
compilation terminated.
configure:2158: $? = 1
configure:2147: gcc -qversion >&5
gcc: error: unrecognized command line option '-qversion'; did you mean '--version'?
gcc: fatal error: no input files
compilation terminated.
configure:2158: $? = 1
configure:2178: checking whether the C compiler works
configure:2200: gcc    conftest.c  >&5
configure:2204: $? = 0
configure:2252: result: yes
configure:2255: checking for C compiler default output file name
configure:2257: result: a.out
configure:2263: checking for suffix of executables
configure:2270: gcc -o conftest    conftest.c  >&5
configure:2274: $? = 0
configure:2296: result: 
configure:2318: checking whether we are cross compiling
configure:2326: gcc -o conftest    conftest.c  >&5
configure:2330: $? = 0
configure:2337: ./conftest
configure:2341: $? = 0
configure:2356: result: no
configure:2361: checking for suffix of object files
configure:2383: gcc -c   conftest.c >&5
configure:2387: $? = 0
configure:2408: result: o
configure:2412: checking whether we are using the GNU C compiler
configure:2431: gcc -c   conftest.c >&5
configure:2431: $? = 0
configure:2440: result: yes
configure:2449: checking whether gcc accepts -g
configure:2469: gcc -c -g  conftest.c >&5
configure:2469: $? = 0
configure:2510: result: yes
configure:2527: checking for gcc option to accept ISO C89
configure:2590: gcc  -c -g -O2  conftest.c >&5
configure:2590: $? = 0
configure:2603: result: none needed
configure:2630: checking whether CC supports -march=native
configure:2644: gcc -c -march=native  conftest.c >&5
configure:2644: $? = 0
configure:2645: result: yes
configure:2655: checking whether CC supports -fomit-frame-pointer
configure:2668: gcc -c -fomit-frame-pointer  conftest.c >&5
configure:2668: $? = 0
configure:2669: result: yes
configure:2685: checking whether CC supports -nopie
configure:2698: gcc -o conftest -nopie -Werror   conftest.c  >&5
gcc: error: unrecognized command line option '-nopie'; did you mean '-no-pie'?
configure:2698: $? = 1
configure: failed program was:
| /* confdefs.h */
| #define PACKAGE_NAME ""
| #define PACKAGE_TARNAME ""
| #define PACKAGE_VERSION ""
| #define PACKAGE_STRING ""
| #define PACKAGE_BUGREPORT ""
| #define PACKAGE_URL ""
| /* end confdefs.h.  */
| 
| int
| main ()
| {
| 
|   ;
|   return 0;
| }
configure:2703: result: no
configure:2715: checking whether CC supports -no-pie
configure:2728: gcc -o conftest -no-pie -Werror   conftest.c  >&5
configure:2728: $? = 0
configure:2729: result: yes
configure:2873: checking whether CC supports -std=c99
configure:2886: gcc -c -std=c99  conftest.c >&5
configure:2886: $? = 0
configure:2887: result: yes
configure:2899: checking whether CC supports -Wall
configure:2912: gcc -c -std=c99 -Wall  conftest.c >&5
configure:2912: $? = 0
configure:2913: result: yes
configure:2924: checking whether CC supports -Wextra
configure:2937: gcc -c -std=c99 -Wall -Wextra  conftest.c >&5
configure:2937: $? = 0
configure:2938: result: yes
configure:2950: checking whether CC supports -Wno-maybe-uninitialized
configure:2963: gcc -c -std=c99 -Wall -Wextra -Wno-maybe-uninitialized -Werror  conftest.c >&5
configure:2963: $? = 0
configure:2964: result: yes
configure:3003: checking whether CC supports and needs -Wno-format -Wno-pedantic-ms-format
configure:3018: gcc -c -std=c99 -Wall -Wextra -Wno-maybe-uninitialized -Wno-format -Wno-pedantic-ms-format -Werror  conftest.c >&5
conftest.c:10:2: error: #error wants windows
 #error wants windows
  ^~~~~
cc1: error: unrecognized command line option '-Wno-pedantic-ms-format' [-Werror]
cc1: all warnings being treated as errors
configure:3018: $? = 1
configure: failed program was:
| /* confdefs.h */
| #define PACKAGE_NAME ""
| #define PACKAGE_TARNAME ""
| #define PACKAGE_VERSION ""
| #define PACKAGE_STRING ""
| #define PACKAGE_BUGREPORT ""
| #define PACKAGE_URL ""
| /* end confdefs.h.  */
| #ifndef _WIN32
| #error wants windows
| #endif
| int
| main ()
| {
| 
|   ;
|   return 0;
| }
configure:3023: result: no
configure:3032: checking whether CC supports -Wno-unused-function
configure:3045: gcc -c -std=c99 -Wall -Wextra -Wno-maybe-uninitialized -Wno-unused-function -Werror  conftest.c >&5
configure:3045: $? = 0
configure:3046: result: yes
configure:3058: checking whether CC supports -Wmissing-prototypes
configure:3071: gcc -c -std=c99 -Wall -Wextra -Wno-maybe-uninitialized -Wno-unused-function -Wmissing-prototypes -Werror  conftest.c >&5
configure:3071: $? = 0
configure:3072: result: yes
configure:3084: checking whether CC supports -Wstrict-prototypes
configure:3090: gcc -c -std=c99 -Wall -Wextra -Wno-maybe-uninitialized -Wno-unused-function -Wmissing-prototypes -Wstrict-prototypes -Werror  conftest.c >&5
configure:3090: $? = 0
configure:3091: result: yes
configure:3210: checking whether ARGON2ID13 is supported by libsodium
configure:3224: gcc -c -O3 -march=native -fomit-frame-pointer  conftest.c >&5
configure:3224: $? = 0
configure:3225: result: yes
configure:3403: creating ./config.status

## ---------------------- ##
## Running config.status. ##
## ---------------------- ##

This file was extended by config.status, which was
generated by GNU Autoconf 2.69.  Invocation command line was

  CONFIG_FILES    = 
  CONFIG_HEADERS  = 
  CONFIG_LINKS    = 
  CONFIG_COMMANDS = 
  $ ./config.status 

on pedro-Notebook

config.status:724: creating GNUmakefile

## ---------------- ##
## Cache variables. ##
## ---------------- ##

ac_cv_c_compiler_gnu=yes
ac_cv_env_CC_set=
ac_cv_env_CC_value=
ac_cv_env_CFLAGS_set=
ac_cv_env_CFLAGS_value=
ac_cv_env_CPPFLAGS_set=
ac_cv_env_CPPFLAGS_value=
ac_cv_env_LDFLAGS_set=
ac_cv_env_LDFLAGS_value=
ac_cv_env_LIBS_set=
ac_cv_env_LIBS_value=
ac_cv_env_build_alias_set=
ac_cv_env_build_alias_value=
ac_cv_env_host_alias_set=
ac_cv_env_host_alias_value=
ac_cv_env_target_alias_set=
ac_cv_env_target_alias_value=
ac_cv_objext=o
ac_cv_prog_ac_ct_CC=gcc
ac_cv_prog_cc_c89=
ac_cv_prog_cc_g=yes

## ----------------- ##
## Output variables. ##
## ----------------- ##

CC='gcc'
CFLAGS='-O3 -march=native -fomit-frame-pointer'
CPPFLAGS=''
CSTD='-std=c99 -Wall -Wextra -Wno-maybe-uninitialized -Wno-unused-function -Wmissing-prototypes -Wstrict-prototypes'
DEFS='-DPACKAGE_NAME=\"\" -DPACKAGE_TARNAME=\"\" -DPACKAGE_VERSION=\"\" -DPACKAGE_STRING=\"\" -DPACKAGE_BUGREPORT=\"\" -DPACKAGE_URL=\"\"'
ECHO_C=''
ECHO_N='-n'
ECHO_T=''
ED25519IMPL='donna'
EXEEXT=''
LDFLAGS=''
LIBOBJS=''
LIBS=''
LTLIBOBJS=''
MAINLIB=''
MYDEFS=' -DSTATISTICS -DPASSPHRASE'
NOPIE='-no-pie'
OBJEXT='o'
PACKAGE_BUGREPORT=''
PACKAGE_NAME=''
PACKAGE_STRING=''
PACKAGE_TARNAME=''
PACKAGE_URL=''
PACKAGE_VERSION=''
PATH_SEPARATOR=':'
SHELL='/bin/bash'
SRCDIR='.'
ac_ct_CC='gcc'
bindir='${exec_prefix}/bin'
build_alias=''
datadir='${datarootdir}'
datarootdir='${prefix}/share'
docdir='${datarootdir}/doc/${PACKAGE}'
dvidir='${docdir}'
exec_prefix='${prefix}'
host_alias=''
htmldir='${docdir}'
includedir='${prefix}/include'
infodir='${datarootdir}/info'
libdir='${exec_prefix}/lib'
libexecdir='${exec_prefix}/libexec'
localedir='${datarootdir}/locale'
localstatedir='${prefix}/var'
mandir='${datarootdir}/man'
oldincludedir='/usr/include'
pdfdir='${docdir}'
prefix='/usr/local'
program_transform_name='s,x,x,'
psdir='${docdir}'
sbindir='${exec_prefix}/sbin'
sharedstatedir='${prefix}/com'
sysconfdir='${prefix}/etc'
target_alias=''

## ----------- ##
## confdefs.h. ##
## ----------- ##

/* confdefs.h */
#define PACKAGE_NAME ""
#define PACKAGE_TARNAME ""
#define PACKAGE_VERSION ""
#define PACKAGE_STRING ""
#define PACKAGE_BUGREPORT ""
#define PACKAGE_URL ""

configure: exit 0
